{"numTotalTestSuites":13,"numPassedTestSuites":13,"numFailedTestSuites":0,"numPendingTestSuites":0,"numTotalTests":220,"numPassedTests":220,"numFailedTests":0,"numPendingTests":0,"numTodoTests":0,"snapshot":{"added":0,"failure":false,"filesAdded":0,"filesRemoved":0,"filesRemovedList":[],"filesUnmatched":0,"filesUpdated":0,"matched":0,"total":0,"unchecked":0,"uncheckedKeysByFile":[],"unmatched":0,"updated":0,"didUpdate":false},"startTime":1774353535579,"success":true,"testResults":[{"assertionResults":[{"ancestorTitles":["server utilities and routes","utility helpers"],"fullName":"server utilities and routes utility helpers uses fullHistory when present","status":"passed","title":"uses fullHistory when present","duration":4.839100000000144,"failureMessages":[],"meta":{}},{"ancestorTitles":["server utilities and routes","utility helpers"],"fullName":"server utilities and routes utility helpers extracts string and object thought previews","status":"passed","title":"extracts string and object thought previews","duration":1.2675999999996748,"failureMessages":[],"meta":{}},{"ancestorTitles":["server utilities and routes","utility helpers"],"fullName":"server utilities and routes utility helpers covers helper fallbacks for missing arrays and retrospect proposals","status":"passed","title":"covers helper fallbacks for missing arrays and retrospect proposals","duration":1.164299999999912,"failureMessages":[],"meta":{}},{"ancestorTitles":["server utilities and routes","utility helpers"],"fullName":"server utilities and routes utility helpers summarizes retrospect proposals only","status":"passed","title":"summarizes retrospect proposals only","duration":0.9587000000001353,"failureMessages":[],"meta":{}},{"ancestorTitles":["server utilities and routes","utility helpers"],"fullName":"server utilities and routes utility helpers normalizes running historical state into paused and applies productId","status":"passed","title":"normalizes running historical state into paused and applies productId","duration":2.3233000000000175,"failureMessages":[],"meta":{}},{"ancestorTitles":["server utilities and routes","utility helpers"],"fullName":"server utilities and routes utility helpers normalizes non-array thoughts to an empty list","status":"passed","title":"normalizes non-array thoughts to an empty list","duration":0.5609999999996944,"failureMessages":[],"meta":{}},{"ancestorTitles":["server utilities and routes","utility helpers"],"fullName":"server utilities and routes utility helpers inferTarget returns undefined when target is already set","status":"passed","title":"inferTarget returns undefined when target is already set","duration":0.4072000000001026,"failureMessages":[],"meta":{}},{"ancestorTitles":["server utilities and routes","utility helpers"],"fullName":"server utilities and routes utility helpers inferTarget migrates legacy stamp field to target","status":"passed","title":"inferTarget migrates legacy stamp field to target","duration":0.3449999999997999,"failureMessages":[],"meta":{}},{"ancestorTitles":["server utilities and routes","utility helpers"],"fullName":"server utilities and routes utility helpers inferTarget extracts from Stamp: prefix in query","status":"passed","title":"inferTarget extracts from Stamp: prefix in query","duration":0.852900000000318,"failureMessages":[],"meta":{}},{"ancestorTitles":["server utilities and routes","utility helpers"],"fullName":"server utilities and routes utility helpers inferTarget extracts from Target: prefix in query","status":"passed","title":"inferTarget extracts from Target: prefix in query","duration":0.40770000000020445,"failureMessages":[],"meta":{}},{"ancestorTitles":["server utilities and routes","utility helpers"],"fullName":"server utilities and routes utility helpers inferTarget returns undefined when no target can be inferred","status":"passed","title":"inferTarget returns undefined when no target can be inferred","duration":0.37170000000014625,"failureMessages":[],"meta":{}},{"ancestorTitles":["server utilities and routes","utility helpers"],"fullName":"server utilities and routes utility helpers normalizeHistoricalState migrates legacy stamp field","status":"passed","title":"normalizeHistoricalState migrates legacy stamp field","duration":0.39640000000008513,"failureMessages":[],"meta":{}},{"ancestorTitles":["server utilities and routes","utility helpers"],"fullName":"server utilities and routes utility helpers normalizeHistoricalState extracts target from query when missing","status":"passed","title":"normalizeHistoricalState extracts target from query when missing","duration":0.37199999999984357,"failureMessages":[],"meta":{}},{"ancestorTitles":["server utilities and routes","utility helpers"],"fullName":"server utilities and routes utility helpers creates a summary state with a thought preview","status":"passed","title":"creates a summary state with a thought preview","duration":0.669999999999618,"failureMessages":[],"meta":{}},{"ancestorTitles":["server utilities and routes","utility helpers"],"fullName":"server utilities and routes utility helpers creates a summary state with empty tags when they are omitted","status":"passed","title":"creates a summary state with empty tags when they are omitted","duration":0.46549999999979264,"failureMessages":[],"meta":{}},{"ancestorTitles":["server utilities and routes","utility helpers"],"fullName":"server utilities and routes utility helpers checks directory containment correctly","status":"passed","title":"checks directory containment correctly","duration":0.4834000000000742,"failureMessages":[],"meta":{}},{"ancestorTitles":["server utilities and routes","utility helpers"],"fullName":"server utilities and routes utility helpers resolves investigator-root and relative config paths","status":"passed","title":"resolves investigator-root and relative config paths","duration":0.45679999999993015,"failureMessages":[],"meta":{}},{"ancestorTitles":["server utilities and routes","utility helpers"],"fullName":"server utilities and routes utility helpers resolves nested config paths using product fallback bases","status":"passed","title":"resolves nested config paths using product fallback bases","duration":0.8235999999997148,"failureMessages":[],"meta":{}},{"ancestorTitles":["server utilities and routes","utility helpers"],"fullName":"server utilities and routes utility helpers returns product-specific effective config when a product is selected","status":"passed","title":"returns product-specific effective config when a product is selected","duration":0.6892000000002554,"failureMessages":[],"meta":{}},{"ancestorTitles":["server utilities and routes","utility helpers"],"fullName":"server utilities and routes utility helpers falls back to the global config when there is no matching product","status":"passed","title":"falls back to the global config when there is no matching product","duration":0.3218000000001666,"failureMessages":[],"meta":{}},{"ancestorTitles":["server utilities and routes","utility helpers"],"fullName":"server utilities and routes utility helpers resolves a manifest relative to repo root","status":"passed","title":"resolves a manifest relative to repo root","duration":0.6114999999999782,"failureMessages":[],"meta":{}},{"ancestorTitles":["server utilities and routes","utility helpers"],"fullName":"server utilities and routes utility helpers resolves manifest with Path-suffixed field names","status":"passed","title":"resolves manifest with Path-suffixed field names","duration":0.25250000000005457,"failureMessages":[],"meta":{}},{"ancestorTitles":["server utilities and routes","utility helpers"],"fullName":"server utilities and routes utility helpers auto-discovers product paths from repo structure","status":"passed","title":"auto-discovers product paths from repo structure","duration":6.0458999999996195,"failureMessages":[],"meta":{}},{"ancestorTitles":["server utilities and routes","utility helpers"],"fullName":"server utilities and routes utility helpers hydrates a summary-only state from disk when the state file exists","status":"passed","title":"hydrates a summary-only state from disk when the state file exists","duration":4.778700000000299,"failureMessages":[],"meta":{}},{"ancestorTitles":["server utilities and routes","utility helpers"],"fullName":"server utilities and routes utility helpers returns the original stored state for hydration fallback paths","status":"passed","title":"returns the original stored state for hydration fallback paths","duration":36.77539999999999,"failureMessages":[],"meta":{}},{"ancestorTitles":["server utilities and routes","utility helpers"],"fullName":"server utilities and routes utility helpers hydrates summary-only state even when storagePath must be recomputed","status":"passed","title":"hydrates summary-only state even when storagePath must be recomputed","duration":6.930499999999938,"failureMessages":[],"meta":{}},{"ancestorTitles":["server utilities and routes","utility helpers"],"fullName":"server utilities and routes utility helpers hydrates summary-only records lazily through the history store","status":"passed","title":"hydrates summary-only records lazily through the history store","duration":4.635600000000068,"failureMessages":[],"meta":{}},{"ancestorTitles":["server utilities and routes","utility helpers"],"fullName":"server utilities and routes utility helpers loads summaries, legacy json, and markdown history from disk","status":"passed","title":"loads summaries, legacy json, and markdown history from disk","duration":19.107700000000023,"failureMessages":[],"meta":{}},{"ancestorTitles":["server utilities and routes","utility helpers"],"fullName":"server utilities and routes utility helpers covers loadHistory summary normalization and read-failure branches","status":"passed","title":"covers loadHistory summary normalization and read-failure branches","duration":25.26200000000017,"failureMessages":[],"meta":{}},{"ancestorTitles":["server utilities and routes","utility helpers"],"fullName":"server utilities and routes utility helpers covers path selection and inclusion helpers for product and global investigations","status":"passed","title":"covers path selection and inclusion helpers for product and global investigations","duration":3.671299999999974,"failureMessages":[],"meta":{}},{"ancestorTitles":["server utilities and routes","utility helpers"],"fullName":"server utilities and routes utility helpers detects persisted state directly from a stored state path","status":"passed","title":"detects persisted state directly from a stored state path","duration":3.4273000000002867,"failureMessages":[],"meta":{}},{"ancestorTitles":["server utilities and routes","utility helpers"],"fullName":"server utilities and routes utility helpers reports validation errors for missing, relative, and nonexistent product paths","status":"passed","title":"reports validation errors for missing, relative, and nonexistent product paths","duration":0.9110000000000582,"failureMessages":[],"meta":{}},{"ancestorTitles":["server utilities and routes","utility helpers"],"fullName":"server utilities and routes utility helpers treats invalid absolute paths as nonexistent when filesystem checks normalize them","status":"passed","title":"treats invalid absolute paths as nonexistent when filesystem checks normalize them","duration":0.7456999999999425,"failureMessages":[],"meta":{}},{"ancestorTitles":["server utilities and routes","utility helpers"],"fullName":"server utilities and routes utility helpers starts and stops the server through exported helpers","status":"passed","title":"starts and stops the server through exported helpers","duration":4.42029999999977,"failureMessages":[],"meta":{}},{"ancestorTitles":["server utilities and routes","utility helpers"],"fullName":"server utilities and routes utility helpers covers server lifecycle edge cases and the global error handler","status":"passed","title":"covers server lifecycle edge cases and the global error handler","duration":6.809600000000046,"failureMessages":[],"meta":{}},{"ancestorTitles":["server utilities and routes","utility helpers"],"fullName":"server utilities and routes utility helpers kills a process on port when netstat reports a listening PID","status":"passed","title":"kills a process on port when netstat reports a listening PID","duration":5.050600000000031,"failureMessages":[],"meta":{}},{"ancestorTitles":["server utilities and routes","utility helpers"],"fullName":"server utilities and routes utility helpers returns false from killProcessOnPort on non-win32 platforms","status":"passed","title":"returns false from killProcessOnPort on non-win32 platforms","duration":0.621900000000096,"failureMessages":[],"meta":{}},{"ancestorTitles":["server utilities and routes","utility helpers"],"fullName":"server utilities and routes utility helpers returns false from killProcessOnPort when netstat finds nothing","status":"passed","title":"returns false from killProcessOnPort when netstat finds nothing","duration":0.6640000000002146,"failureMessages":[],"meta":{}},{"ancestorTitles":["server utilities and routes","utility helpers"],"fullName":"server utilities and routes utility helpers returns false from killProcessOnPort when all PIDs are filtered out","status":"passed","title":"returns false from killProcessOnPort when all PIDs are filtered out","duration":0.6165999999998348,"failureMessages":[],"meta":{}},{"ancestorTitles":["server utilities and routes","utility helpers"],"fullName":"server utilities and routes utility helpers filters out PID 0 from killProcessOnPort","status":"passed","title":"filters out PID 0 from killProcessOnPort","duration":0.585399999999936,"failureMessages":[],"meta":{}},{"ancestorTitles":["server utilities and routes","utility helpers"],"fullName":"server utilities and routes utility helpers handles EADDRINUSE by killing the blocking process and retrying","status":"passed","title":"handles EADDRINUSE by killing the blocking process and retrying","duration":9.880699999999706,"failureMessages":[],"meta":{}},{"ancestorTitles":["server utilities and routes","utility helpers"],"fullName":"server utilities and routes utility helpers logs update availability on startup when NODE_ENV is production","status":"passed","title":"logs update availability on startup when NODE_ENV is production","duration":63.05600000000004,"failureMessages":[],"meta":{}},{"ancestorTitles":["server utilities and routes","utility helpers"],"fullName":"server utilities and routes utility helpers silently handles update check failures on startup","status":"passed","title":"silently handles update check failures on startup","duration":61.282300000000305,"failureMessages":[],"meta":{}},{"ancestorTitles":["server utilities and routes","utility helpers"],"fullName":"server utilities and routes utility helpers skips update check when not in production mode","status":"passed","title":"skips update check when not in production mode","duration":63.15039999999999,"failureMessages":[],"meta":{}},{"ancestorTitles":["server utilities and routes","utility helpers"],"fullName":"server utilities and routes utility helpers does not log update banner when no update is available","status":"passed","title":"does not log update banner when no update is available","duration":64.47659999999996,"failureMessages":[],"meta":{}},{"ancestorTitles":["server utilities and routes","utility helpers"],"fullName":"server utilities and routes utility helpers auto-opens browser in production mode on startup","status":"passed","title":"auto-opens browser in production mode on startup","duration":62.254799999999705,"failureMessages":[],"meta":{}},{"ancestorTitles":["server utilities and routes","utility helpers"],"fullName":"server utilities and routes utility helpers openBrowser calls exec with a platform-appropriate command","status":"passed","title":"openBrowser calls exec with a platform-appropriate command","duration":1.7559000000001106,"failureMessages":[],"meta":{}},{"ancestorTitles":["server utilities and routes","utility helpers"],"fullName":"server utilities and routes utility helpers printKeepOpenMessage logs keep-open hint","status":"passed","title":"printKeepOpenMessage logs keep-open hint","duration":1.0028999999999542,"failureMessages":[],"meta":{}},{"ancestorTitles":["server utilities and routes","utility helpers"],"fullName":"server utilities and routes utility helpers covers direct startup helpers and schedule path selection","status":"passed","title":"covers direct startup helpers and schedule path selection","duration":1.7631000000001222,"failureMessages":[],"meta":{}},{"ancestorTitles":["server utilities and routes","utility helpers"],"fullName":"server utilities and routes utility helpers covers process error handlers, websocket helpers, config bootstrap, and provider fallbacks","status":"passed","title":"covers process error handlers, websocket helpers, config bootstrap, and provider fallbacks","duration":1641.632,"failureMessages":[],"meta":{}},{"ancestorTitles":["server utilities and routes","utility helpers"],"fullName":"server utilities and routes utility helpers covers global directory fallback and inclusion helper defaults","status":"passed","title":"covers global directory fallback and inclusion helper defaults","duration":0.818199999999706,"failureMessages":[],"meta":{}},{"ancestorTitles":["server utilities and routes","utility helpers"],"fullName":"server utilities and routes utility helpers covers effective config fallbacks, malformed config files, and recomputed persisted paths","status":"passed","title":"covers effective config fallbacks, malformed config files, and recomputed persisted paths","duration":9.302599999999984,"failureMessages":[],"meta":{}},{"ancestorTitles":["server utilities and routes","utility helpers"],"fullName":"server utilities and routes utility helpers covers isolated config-load failures, validation fs errors, and legacy markdown load failures","status":"passed","title":"covers isolated config-load failures, validation fs errors, and legacy markdown load failures","duration":1603.6345999999994,"failureMessages":[],"meta":{}},{"ancestorTitles":["server utilities and routes","utility helpers"],"fullName":"server utilities and routes utility helpers covers direct helper fallbacks for configured investigation paths and manifest defaults","status":"passed","title":"covers direct helper fallbacks for configured investigation paths and manifest defaults","duration":1.1589999999996508,"failureMessages":[],"meta":{}},{"ancestorTitles":["server utilities and routes","utility helpers"],"fullName":"server utilities and routes utility helpers falls back to the default repo root for global investigations","status":"passed","title":"falls back to the default repo root for global investigations","duration":0.7263999999995576,"failureMessages":[],"meta":{}},{"ancestorTitles":["server utilities and routes","basic routes"],"fullName":"server utilities and routes basic routes returns health status","status":"passed","title":"returns health status","duration":11.197200000000521,"failureMessages":[],"meta":{}},{"ancestorTitles":["server utilities and routes","basic routes"],"fullName":"server utilities and routes basic routes returns no-auth status when no llm provider is active","status":"passed","title":"returns no-auth status when no llm provider is active","duration":8.431500000000597,"failureMessages":[],"meta":{}},{"ancestorTitles":["server utilities and routes","basic routes"],"fullName":"server utilities and routes basic routes returns auth provider metadata","status":"passed","title":"returns auth provider metadata","duration":10.209000000000742,"failureMessages":[],"meta":{}},{"ancestorTitles":["server utilities and routes","basic routes"],"fullName":"server utilities and routes basic routes returns auth status for an active provider","status":"passed","title":"returns auth status for an active provider","duration":9.813600000000406,"failureMessages":[],"meta":{}},{"ancestorTitles":["server utilities and routes","basic routes"],"fullName":"server utilities and routes basic routes falls back to copilot provider metadata when config has no explicit llm provider type","status":"passed","title":"falls back to copilot provider metadata when config has no explicit llm provider type","duration":7.567200000000412,"failureMessages":[],"meta":{}},{"ancestorTitles":["server utilities and routes","basic routes"],"fullName":"server utilities and routes basic routes rejects interactive auth login when the provider does not support it","status":"passed","title":"rejects interactive auth login when the provider does not support it","duration":32.479599999999664,"failureMessages":[],"meta":{}},{"ancestorTitles":["server utilities and routes","basic routes"],"fullName":"server utilities and routes basic routes rejects auth polling when the provider does not support it","status":"passed","title":"rejects auth polling when the provider does not support it","duration":9.635800000000017,"failureMessages":[],"meta":{}},{"ancestorTitles":["server utilities and routes","basic routes"],"fullName":"server utilities and routes basic routes validates auth configure requests","status":"passed","title":"validates auth configure requests","duration":7.096000000000458,"failureMessages":[],"meta":{}},{"ancestorTitles":["server utilities and routes","basic routes"],"fullName":"server utilities and routes basic routes returns the current username","status":"passed","title":"returns the current username","duration":7.693400000000111,"failureMessages":[],"meta":{}},{"ancestorTitles":["server utilities and routes","basic routes"],"fullName":"server utilities and routes basic routes returns a bad request for malformed JSON bodies","status":"passed","title":"returns a bad request for malformed JSON bodies","duration":12.709600000000137,"failureMessages":[],"meta":{}},{"ancestorTitles":["server utilities and routes","basic routes"],"fullName":"server utilities and routes basic routes returns configured models from the active provider","status":"passed","title":"returns configured models from the active provider","duration":8.354200000000674,"failureMessages":[],"meta":{}},{"ancestorTitles":["server utilities and routes","basic routes"],"fullName":"server utilities and routes basic routes falls back to default models when listing models fails","status":"passed","title":"falls back to default models when listing models fails","duration":9.191600000000108,"failureMessages":[],"meta":{}},{"ancestorTitles":["server utilities and routes","basic routes"],"fullName":"server utilities and routes basic routes returns default models when no provider is active","status":"passed","title":"returns default models when no provider is active","duration":7.1401999999998225,"failureMessages":[],"meta":{}},{"ancestorTitles":["server utilities and routes","basic routes"],"fullName":"server utilities and routes basic routes rejects file browsing outside allowed roots","status":"passed","title":"rejects file browsing outside allowed roots","duration":10.33809999999994,"failureMessages":[],"meta":{}},{"ancestorTitles":["server utilities and routes","basic routes"],"fullName":"server utilities and routes basic routes returns not found for a missing file path","status":"passed","title":"returns not found for a missing file path","duration":7.387699999999313,"failureMessages":[],"meta":{}},{"ancestorTitles":["server utilities and routes","basic routes"],"fullName":"server utilities and routes basic routes lists files in an allowed directory","status":"passed","title":"lists files in an allowed directory","duration":9.511500000000524,"failureMessages":[],"meta":{}},{"ancestorTitles":["server utilities and routes","basic routes"],"fullName":"server utilities and routes basic routes uses the default path and sorts directories before files by name","status":"passed","title":"uses the default path and sorts directories before files by name","duration":44.611799999999675,"failureMessages":[],"meta":{}},{"ancestorTitles":["server utilities and routes","basic routes"],"fullName":"server utilities and routes basic routes rejects file browsing when the target path is a file","status":"passed","title":"rejects file browsing when the target path is a file","duration":11.725400000000263,"failureMessages":[],"meta":{}},{"ancestorTitles":["server utilities and routes","basic routes"],"fullName":"server utilities and routes basic routes returns incident provider status when no provider is configured","status":"passed","title":"returns incident provider status when no provider is configured","duration":6.662000000000262,"failureMessages":[],"meta":{}},{"ancestorTitles":["server utilities and routes","basic routes"],"fullName":"server utilities and routes basic routes returns available incident providers","status":"passed","title":"returns available incident providers","duration":6.154199999999946,"failureMessages":[],"meta":{}},{"ancestorTitles":["server utilities and routes","basic routes"],"fullName":"server utilities and routes basic routes rejects reading incidents when no incident provider is active","status":"passed","title":"rejects reading incidents when no incident provider is active","duration":7.165799999999763,"failureMessages":[],"meta":{}},{"ancestorTitles":["server utilities and routes","basic routes"],"fullName":"server utilities and routes basic routes lists no schedules when the scheduler store is uninitialized","status":"passed","title":"lists no schedules when the scheduler store is uninitialized","duration":7.111200000000281,"failureMessages":[],"meta":{}},{"ancestorTitles":["server utilities and routes","basic routes"],"fullName":"server utilities and routes basic routes returns default scheduler status when scheduler is absent","status":"passed","title":"returns default scheduler status when scheduler is absent","duration":8.73239999999987,"failureMessages":[],"meta":{}},{"ancestorTitles":["server utilities and routes","basic routes"],"fullName":"server utilities and routes basic routes returns empty query bank results when the store is uninitialized","status":"passed","title":"returns empty query bank results when the store is uninitialized","duration":6.867000000000189,"failureMessages":[],"meta":{}},{"ancestorTitles":["server utilities and routes","basic routes"],"fullName":"server utilities and routes basic routes rejects query bank writes when the store is uninitialized","status":"passed","title":"rejects query bank writes when the store is uninitialized","duration":6.669199999999364,"failureMessages":[],"meta":{}},{"ancestorTitles":["server utilities and routes","basic routes"],"fullName":"server utilities and routes basic routes returns an empty investigation list by default","status":"passed","title":"returns an empty investigation list by default","duration":7.004399999999805,"failureMessages":[],"meta":{}},{"ancestorTitles":["server utilities and routes","basic routes"],"fullName":"server utilities and routes basic routes returns not found for unknown investigation state","status":"passed","title":"returns not found for unknown investigation state","duration":6.378200000000106,"failureMessages":[],"meta":{}},{"ancestorTitles":["server utilities and routes","basic routes"],"fullName":"server utilities and routes basic routes returns not found for missing step detail","status":"passed","title":"returns not found for missing step detail","duration":8.084200000000237,"failureMessages":[],"meta":{}},{"ancestorTitles":["server utilities and routes","basic routes"],"fullName":"server utilities and routes basic routes returns not found for unknown mcp status requests","status":"passed","title":"returns not found for unknown mcp status requests","duration":6.754899999999907,"failureMessages":[],"meta":{}},{"ancestorTitles":["server utilities and routes","basic routes"],"fullName":"server utilities and routes basic routes returns products and active product metadata","status":"passed","title":"returns products and active product metadata","duration":13.145899999999529,"failureMessages":[],"meta":{}},{"ancestorTitles":["server utilities and routes","basic routes"],"fullName":"server utilities and routes basic routes returns empty product metadata when products are missing","status":"passed","title":"returns empty product metadata when products are missing","duration":16.43870000000061,"failureMessages":[],"meta":{}},{"ancestorTitles":["server utilities and routes","basic routes"],"fullName":"server utilities and routes basic routes validates active product requests","status":"passed","title":"validates active product requests","duration":14.067200000000412,"failureMessages":[],"meta":{}},{"ancestorTitles":["server utilities and routes","basic routes"],"fullName":"server utilities and routes basic routes requires repoRoot when discovering products","status":"passed","title":"requires repoRoot when discovering products","duration":9.437799999999697,"failureMessages":[],"meta":{}},{"ancestorTitles":["server utilities and routes","basic routes"],"fullName":"server utilities and routes basic routes covers handler error paths for discovery, file listing, configured auth status, and unknown-user fallback","status":"passed","title":"covers handler error paths for discovery, file listing, configured auth status, and unknown-user fallback","duration":16.485999999999876,"failureMessages":[],"meta":{}},{"ancestorTitles":["server utilities and routes","settings, auth, and product mutations"],"fullName":"server utilities and routes settings, auth, and product mutations returns settings and validates settings updates","status":"passed","title":"returns settings and validates settings updates","duration":21.516200000000026,"failureMessages":[],"meta":{}},{"ancestorTitles":["server utilities and routes","settings, auth, and product mutations"],"fullName":"server utilities and routes settings, auth, and product mutations persists valid settings updates","status":"passed","title":"persists valid settings updates","duration":15.502900000000409,"failureMessages":[],"meta":{}},{"ancestorTitles":["server utilities and routes","settings, auth, and product mutations"],"fullName":"server utilities and routes settings, auth, and product mutations reinitializes providers when provider settings change","status":"passed","title":"reinitializes providers when provider settings change","duration":17.38709999999992,"failureMessages":[],"meta":{}},{"ancestorTitles":["server utilities and routes","settings, auth, and product mutations"],"fullName":"server utilities and routes settings, auth, and product mutations returns 500 when settings persistence fails","status":"passed","title":"returns 500 when settings persistence fails","duration":14.996900000000096,"failureMessages":[],"meta":{}},{"ancestorTitles":["server utilities and routes","settings, auth, and product mutations"],"fullName":"server utilities and routes settings, auth, and product mutations reloads history on investigationsPath changes","status":"passed","title":"reloads history on investigationsPath changes","duration":35.32099999999991,"failureMessages":[],"meta":{}},{"ancestorTitles":["server utilities and routes","settings, auth, and product mutations"],"fullName":"server utilities and routes settings, auth, and product mutations supports auth login, polling, and configure success paths","status":"passed","title":"supports auth login, polling, and configure success paths","duration":35.01969999999983,"failureMessages":[],"meta":{}},{"ancestorTitles":["server utilities and routes","settings, auth, and product mutations"],"fullName":"server utilities and routes settings, auth, and product mutations returns configuration persistence errors from auth configure","status":"passed","title":"returns configuration persistence errors from auth configure","duration":11.903900000000249,"failureMessages":[],"meta":{}},{"ancestorTitles":["server utilities and routes","settings, auth, and product mutations"],"fullName":"server utilities and routes settings, auth, and product mutations returns provider errors for auth login and poll failures","status":"passed","title":"returns provider errors for auth login and poll failures","duration":14.7483000000002,"failureMessages":[],"meta":{}},{"ancestorTitles":["server utilities and routes","settings, auth, and product mutations"],"fullName":"server utilities and routes settings, auth, and product mutations covers product mutation fallbacks when product arrays are undefined","status":"passed","title":"covers product mutation fallbacks when product arrays are undefined","duration":31.08759999999984,"failureMessages":[],"meta":{}},{"ancestorTitles":["server utilities and routes","settings, auth, and product mutations"],"fullName":"server utilities and routes settings, auth, and product mutations creates, validates, clones, updates, and deletes products","status":"passed","title":"creates, validates, clones, updates, and deletes products","duration":90.05490000000009,"failureMessages":[],"meta":{}},{"ancestorTitles":["server utilities and routes","settings, auth, and product mutations"],"fullName":"server utilities and routes settings, auth, and product mutations covers product mutation edge cases and clone collision handling","status":"passed","title":"covers product mutation edge cases and clone collision handling","duration":95.41719999999987,"failureMessages":[],"meta":{}},{"ancestorTitles":["server utilities and routes","settings, auth, and product mutations"],"fullName":"server utilities and routes settings, auth, and product mutations returns not-found and last-product errors for product routes","status":"passed","title":"returns not-found and last-product errors for product routes","duration":24.6871000000001,"failureMessages":[],"meta":{}},{"ancestorTitles":["server utilities and routes","settings, auth, and product mutations"],"fullName":"server utilities and routes settings, auth, and product mutations clears the active product when deleting duplicated active-product ids leaves no remainder","status":"passed","title":"clears the active product when deleting duplicated active-product ids leaves no remainder","duration":15.715100000000348,"failureMessages":[],"meta":{}},{"ancestorTitles":["server utilities and routes","settings, auth, and product mutations"],"fullName":"server utilities and routes settings, auth, and product mutations returns 500 for product mutation routes when persistence fails","status":"passed","title":"returns 500 for product mutation routes when persistence fails","duration":40.6900999999998,"failureMessages":[],"meta":{}},{"ancestorTitles":["server utilities and routes","settings, auth, and product mutations"],"fullName":"server utilities and routes settings, auth, and product mutations returns 500 when product validation throws unexpectedly","status":"passed","title":"returns 500 when product validation throws unexpectedly","duration":9.72740000000067,"failureMessages":[],"meta":{}},{"ancestorTitles":["server utilities and routes","settings, auth, and product mutations"],"fullName":"server utilities and routes settings, auth, and product mutations returns the discovery none result when no recognizable structure exists","status":"passed","title":"returns the discovery none result when no recognizable structure exists","duration":9.972700000000259,"failureMessages":[],"meta":{}},{"ancestorTitles":["server utilities and routes","settings, auth, and product mutations"],"fullName":"server utilities and routes settings, auth, and product mutations discovers products from manifest and missing repo roots","status":"passed","title":"discovers products from manifest and missing repo roots","duration":20.363999999999578,"failureMessages":[],"meta":{}},{"ancestorTitles":["server utilities and routes","settings, auth, and product mutations"],"fullName":"server utilities and routes settings, auth, and product mutations falls back from malformed manifests to auto-discovery","status":"passed","title":"falls back from malformed manifests to auto-discovery","duration":18.070800000000418,"failureMessages":[],"meta":{}},{"ancestorTitles":["server utilities and routes","settings, auth, and product mutations"],"fullName":"server utilities and routes settings, auth, and product mutations continues auto-discovery when the agents path exists as a file","status":"passed","title":"continues auto-discovery when the agents path exists as a file","duration":5.9812999999994645,"failureMessages":[],"meta":{}},{"ancestorTitles":["server utilities and routes","settings, auth, and product mutations"],"fullName":"server utilities and routes settings, auth, and product mutations uses validated product-specific paths and maxSteps when creating investigations","status":"passed","title":"uses validated product-specific paths and maxSteps when creating investigations","duration":8.04699999999957,"failureMessages":[],"meta":{}},{"ancestorTitles":["server utilities and routes","settings, auth, and product mutations"],"fullName":"server utilities and routes settings, auth, and product mutations builds incident-based investigation queries with scheduler defaults","status":"passed","title":"builds incident-based investigation queries with scheduler defaults","duration":2.4112000000004628,"failureMessages":[],"meta":{}},{"ancestorTitles":["server utilities and routes","settings, auth, and product mutations"],"fullName":"server utilities and routes settings, auth, and product mutations uses the generic default user question when createInvestigation has no explicit query","status":"passed","title":"uses the generic default user question when createInvestigation has no explicit query","duration":2.13550000000032,"failureMessages":[],"meta":{}},{"ancestorTitles":["server utilities and routes","settings, auth, and product mutations"],"fullName":"server utilities and routes settings, auth, and product mutations falls back to global product settings when selected product fields are blank","status":"passed","title":"falls back to global product settings when selected product fields are blank","duration":7.035599999999249,"failureMessages":[],"meta":{}},{"ancestorTitles":["server utilities and routes","settings, auth, and product mutations"],"fullName":"server utilities and routes settings, auth, and product mutations marks crashed investigation starts as failed and removes active runners","status":"passed","title":"marks crashed investigation starts as failed and removes active runners","duration":3.9407000000001062,"failureMessages":[],"meta":{}},{"ancestorTitles":["server utilities and routes","settings, auth, and product mutations"],"fullName":"server utilities and routes settings, auth, and product mutations rejects investigations for products with invalid paths","status":"passed","title":"rejects investigations for products with invalid paths","duration":0.9368999999996959,"failureMessages":[],"meta":{}},{"ancestorTitles":["server utilities and routes","settings, auth, and product mutations"],"fullName":"server utilities and routes settings, auth, and product mutations removes completed runners and keeps paused ones after createInvestigation settles","status":"passed","title":"removes completed runners and keeps paused ones after createInvestigation settles","duration":4.976800000000367,"failureMessages":[],"meta":{}},{"ancestorTitles":["server utilities and routes","investigation listing and detail routes"],"fullName":"server utilities and routes investigation listing and detail routes caches list responses for history-only investigations and returns 304 on matching etag","status":"passed","title":"caches list responses for history-only investigations and returns 304 on matching etag","duration":16.655399999999645,"failureMessages":[],"meta":{}},{"ancestorTitles":["server utilities and routes","investigation listing and detail routes"],"fullName":"server utilities and routes investigation listing and detail routes serves cached list payloads when the etag does not match and includes product and retrospect metadata","status":"passed","title":"serves cached list payloads when the etag does not match and includes product and retrospect metadata","duration":17.044300000000476,"failureMessages":[],"meta":{}},{"ancestorTitles":["server utilities and routes","investigation listing and detail routes"],"fullName":"server utilities and routes investigation listing and detail routes hides non-persisted inactive history entries from the dashboard list","status":"passed","title":"hides non-persisted inactive history entries from the dashboard list","duration":7.703299999999217,"failureMessages":[],"meta":{}},{"ancestorTitles":["server utilities and routes","investigation listing and detail routes"],"fullName":"server utilities and routes investigation listing and detail routes skips investigations that fail summary generation while returning valid items","status":"passed","title":"skips investigations that fail summary generation while returning valid items","duration":11.08560000000034,"failureMessages":[],"meta":{}},{"ancestorTitles":["server utilities and routes","investigation listing and detail routes"],"fullName":"server utilities and routes investigation listing and detail routes returns truncated investigation detail and step payloads","status":"passed","title":"returns truncated investigation detail and step payloads","duration":18.338400000000547,"failureMessages":[],"meta":{}},{"ancestorTitles":["server utilities and routes","investigation listing and detail routes"],"fullName":"server utilities and routes investigation listing and detail routes truncates long object thoughts and action results in investigation detail","status":"passed","title":"truncates long object thoughts and action results in investigation detail","duration":6.226399999999558,"failureMessages":[],"meta":{}},{"ancestorTitles":["server utilities and routes","investigation listing and detail routes"],"fullName":"server utilities and routes investigation listing and detail routes returns non-truncated string and object thoughts in investigation detail","status":"passed","title":"returns non-truncated string and object thoughts in investigation detail","duration":12.473400000000765,"failureMessages":[],"meta":{}},{"ancestorTitles":["server utilities and routes","investigation listing and detail routes"],"fullName":"server utilities and routes investigation listing and detail routes covers lightweight detail fallbacks for object thoughts without string content and empty actions","status":"passed","title":"covers lightweight detail fallbacks for object thoughts without string content and empty actions","duration":8.821899999999914,"failureMessages":[],"meta":{}},{"ancestorTitles":["server utilities and routes","investigation listing and detail routes"],"fullName":"server utilities and routes investigation listing and detail routes rebuilds history summaries from recomputed storage paths and summary-only metadata","status":"passed","title":"rebuilds history summaries from recomputed storage paths and summary-only metadata","duration":12.500299999999697,"failureMessages":[],"meta":{}},{"ancestorTitles":["server utilities and routes","investigation listing and detail routes"],"fullName":"server utilities and routes investigation listing and detail routes covers active-list summary recomputation, item-level failures, and top-level list failures","status":"passed","title":"covers active-list summary recomputation, item-level failures, and top-level list failures","duration":20.186800000000403,"failureMessages":[],"meta":{}},{"ancestorTitles":["server utilities and routes","investigation listing and detail routes"],"fullName":"server utilities and routes investigation listing and detail routes covers list fallbacks for missing products, invalid entries, summary-only thoughts, and default etag timestamps","status":"passed","title":"covers list fallbacks for missing products, invalid entries, summary-only thoughts, and default etag timestamps","duration":14.583200000000033,"failureMessages":[],"meta":{}},{"ancestorTitles":["server utilities and routes","investigation mutation routes"],"fullName":"server utilities and routes investigation mutation routes creates investigations, enforces concurrency, and reports provider configuration errors","status":"passed","title":"creates investigations, enforces concurrency, and reports provider configuration errors","duration":25.532100000000355,"failureMessages":[],"meta":{}},{"ancestorTitles":["server utilities and routes","investigation mutation routes"],"fullName":"server utilities and routes investigation mutation routes validates target and timeRange when creating investigations without an incident id","status":"passed","title":"validates target and timeRange when creating investigations without an incident id","duration":12.750500000000102,"failureMessages":[],"meta":{}},{"ancestorTitles":["server utilities and routes","investigation mutation routes"],"fullName":"server utilities and routes investigation mutation routes rehydrates inactive investigations for resume, pause, abort, intervene, and contest flows","status":"passed","title":"rehydrates inactive investigations for resume, pause, abort, intervene, and contest flows","duration":41.1265999999996,"failureMessages":[],"meta":{}},{"ancestorTitles":["server utilities and routes","investigation mutation routes"],"fullName":"server utilities and routes investigation mutation routes continues inactive pause, abort, and intervene actions when persistence fails","status":"passed","title":"continues inactive pause, abort, and intervene actions when persistence fails","duration":23.084399999999732,"failureMessages":[],"meta":{}},{"ancestorTitles":["server utilities and routes","investigation mutation routes"],"fullName":"server utilities and routes investigation mutation routes bulk resumes paused investigations up to available concurrency slots","status":"passed","title":"bulk resumes paused investigations up to available concurrency slots","duration":10.808899999999994,"failureMessages":[],"meta":{}},{"ancestorTitles":["server utilities and routes","investigation mutation routes"],"fullName":"server utilities and routes investigation mutation routes uses the resume-all default query when paused history has no stored query","status":"passed","title":"uses the resume-all default query when paused history has no stored query","duration":9.380299999999806,"failureMessages":[],"meta":{}},{"ancestorTitles":["server utilities and routes","investigation mutation routes"],"fullName":"server utilities and routes investigation mutation routes updates models and active runner actions","status":"passed","title":"updates models and active runner actions","duration":43.11959999999999,"failureMessages":[],"meta":{}},{"ancestorTitles":["server utilities and routes","investigation mutation routes"],"fullName":"server utilities and routes investigation mutation routes returns 400 when active contest handling throws","status":"passed","title":"returns 400 when active contest handling throws","duration":8.459200000000237,"failureMessages":[],"meta":{}},{"ancestorTitles":["server utilities and routes","investigation mutation routes"],"fullName":"server utilities and routes investigation mutation routes rejects contest requests for inactive non-completed investigations","status":"passed","title":"rejects contest requests for inactive non-completed investigations","duration":10.012400000000525,"failureMessages":[],"meta":{}},{"ancestorTitles":["server utilities and routes","investigation mutation routes"],"fullName":"server utilities and routes investigation mutation routes covers inactive action race and not-active edge cases","status":"passed","title":"covers inactive action race and not-active edge cases","duration":24.594900000000052,"failureMessages":[],"meta":{}},{"ancestorTitles":["server utilities and routes","investigation mutation routes"],"fullName":"server utilities and routes investigation mutation routes covers resume-race, inactive contest failure, active contest completion, and resume-all start failures","status":"passed","title":"covers resume-race, inactive contest failure, active contest completion, and resume-all start failures","duration":59.095399999999245,"failureMessages":[],"meta":{}},{"ancestorTitles":["server utilities and routes","investigation mutation routes"],"fullName":"server utilities and routes investigation mutation routes handles resume-all with no paused investigations","status":"passed","title":"handles resume-all with no paused investigations","duration":8.886599999999817,"failureMessages":[],"meta":{}},{"ancestorTitles":["server utilities and routes","investigation mutation routes"],"fullName":"server utilities and routes investigation mutation routes returns 500 when resume-all top-level processing throws","status":"passed","title":"returns 500 when resume-all top-level processing throws","duration":9.684500000001208,"failureMessages":[],"meta":{}},{"ancestorTitles":["server utilities and routes","investigation mutation routes"],"fullName":"server utilities and routes investigation mutation routes uses history step fallbacks, contest restart failures, and resume-all slot edge cases","status":"passed","title":"uses history step fallbacks, contest restart failures, and resume-all slot edge cases","duration":53.233000000000175,"failureMessages":[],"meta":{}},{"ancestorTitles":["server utilities and routes","investigation mutation routes"],"fullName":"server utilities and routes investigation mutation routes updates inactive investigation models and rejects unknown ones","status":"passed","title":"updates inactive investigation models and rejects unknown ones","duration":16.235199999999168,"failureMessages":[],"meta":{}},{"ancestorTitles":["server utilities and routes","investigation mutation routes"],"fullName":"server utilities and routes investigation mutation routes patches title and tags for active investigations and validates tags","status":"passed","title":"patches title and tags for active investigations and validates tags","duration":22.05539999999928,"failureMessages":[],"meta":{}},{"ancestorTitles":["server utilities and routes","investigation mutation routes"],"fullName":"server utilities and routes investigation mutation routes patches title and tags for inactive investigations","status":"passed","title":"patches title and tags for inactive investigations","duration":16.321500000000015,"failureMessages":[],"meta":{}},{"ancestorTitles":["server utilities and routes","investigation mutation routes"],"fullName":"server utilities and routes investigation mutation routes covers title validation, missing history, and tag persistence failures","status":"passed","title":"covers title validation, missing history, and tag persistence failures","duration":23.220100000000457,"failureMessages":[],"meta":{}},{"ancestorTitles":["server utilities and routes","investigation mutation routes"],"fullName":"server utilities and routes investigation mutation routes covers missing model, analyze-body fallback, and missing tags history","status":"passed","title":"covers missing model, analyze-body fallback, and missing tags history","duration":15.928900000000795,"failureMessages":[],"meta":{}},{"ancestorTitles":["server utilities and routes","investigation mutation routes"],"fullName":"server utilities and routes investigation mutation routes covers title persistence failures and product-aware export, import, and pdf defaults","status":"passed","title":"covers title persistence failures and product-aware export, import, and pdf defaults","duration":53.057699999999386,"failureMessages":[],"meta":{}},{"ancestorTitles":["server utilities and routes","investigation mutation routes"],"fullName":"server utilities and routes investigation mutation routes falls back to global investigation paths and missing product metadata when product ids no longer resolve","status":"passed","title":"falls back to global investigation paths and missing product metadata when product ids no longer resolve","duration":40.9411999999993,"failureMessages":[],"meta":{}},{"ancestorTitles":["server utilities and routes","investigation mutation routes"],"fullName":"server utilities and routes investigation mutation routes deletes investigations from memory and disk","status":"passed","title":"deletes investigations from memory and disk","duration":14.467599999999948,"failureMessages":[],"meta":{}},{"ancestorTitles":["server utilities and routes","investigation mutation routes"],"fullName":"server utilities and routes investigation mutation routes deletes product-scoped investigations from their product directory","status":"passed","title":"deletes product-scoped investigations from their product directory","duration":10.569800000001123,"failureMessages":[],"meta":{}},{"ancestorTitles":["server utilities and routes","investigation mutation routes"],"fullName":"server utilities and routes investigation mutation routes aborts active running investigations before deleting them","status":"passed","title":"aborts active running investigations before deleting them","duration":10.354400000000169,"failureMessages":[],"meta":{}},{"ancestorTitles":["server utilities and routes","investigation mutation routes"],"fullName":"server utilities and routes investigation mutation routes swallows abort failures while deleting active investigations","status":"passed","title":"swallows abort failures while deleting active investigations","duration":10.657900000000154,"failureMessages":[],"meta":{}},{"ancestorTitles":["server utilities and routes","investigation mutation routes"],"fullName":"server utilities and routes investigation mutation routes swallows disk cleanup failures when deleting investigations","status":"passed","title":"swallows disk cleanup failures when deleting investigations","duration":12.032400000000052,"failureMessages":[],"meta":{}},{"ancestorTitles":["server utilities and routes","investigation mutation routes"],"fullName":"server utilities and routes investigation mutation routes continues deleting investigations when the investigations directory cannot be read","status":"passed","title":"continues deleting investigations when the investigations directory cannot be read","duration":10.171299999999974,"failureMessages":[],"meta":{}},{"ancestorTitles":["server utilities and routes","investigation mutation routes"],"fullName":"server utilities and routes investigation mutation routes covers direct delete-route branches for missing investigations and matched directories","status":"passed","title":"covers direct delete-route branches for missing investigations and matched directories","duration":5.721399999998539,"failureMessages":[],"meta":{}},{"ancestorTitles":["server utilities and routes","investigation mutation routes"],"fullName":"server utilities and routes investigation mutation routes exports and imports investigations","status":"passed","title":"exports and imports investigations","duration":30.25890000000072,"failureMessages":[],"meta":{}},{"ancestorTitles":["server utilities and routes","investigation mutation routes"],"fullName":"server utilities and routes investigation mutation routes validates malformed investigation import payloads","status":"passed","title":"validates malformed investigation import payloads","duration":10.912499999998545,"failureMessages":[],"meta":{}},{"ancestorTitles":["server utilities and routes","investigation mutation routes"],"fullName":"server utilities and routes investigation mutation routes falls back to in-memory state when export disk reads fail","status":"passed","title":"falls back to in-memory state when export disk reads fail","duration":12.569700000000012,"failureMessages":[],"meta":{}},{"ancestorTitles":["server utilities and routes","investigation mutation routes"],"fullName":"server utilities and routes investigation mutation routes returns not found when exporting a missing investigation","status":"passed","title":"returns not found when exporting a missing investigation","duration":7.970499999999447,"failureMessages":[],"meta":{}},{"ancestorTitles":["server utilities and routes","investigation mutation routes"],"fullName":"server utilities and routes investigation mutation routes exports active investigations from product-specific disk state when available","status":"passed","title":"exports active investigations from product-specific disk state when available","duration":16.36029999999846,"failureMessages":[],"meta":{}},{"ancestorTitles":["server utilities and routes","investigation mutation routes"],"fullName":"server utilities and routes investigation mutation routes keeps imported investigations in memory when disk persistence fails","status":"passed","title":"keeps imported investigations in memory when disk persistence fails","duration":14.484000000000378,"failureMessages":[],"meta":{}},{"ancestorTitles":["server utilities and routes","investigation mutation routes"],"fullName":"server utilities and routes investigation mutation routes imports investigations into product-specific directories when configured","status":"passed","title":"imports investigations into product-specific directories when configured","duration":17.233899999999267,"failureMessages":[],"meta":{}},{"ancestorTitles":["server utilities and routes","investigation mutation routes"],"fullName":"server utilities and routes investigation mutation routes exports investigation PDFs with product metadata","status":"passed","title":"exports investigation PDFs with product metadata","duration":11.829099999999016,"failureMessages":[],"meta":{}},{"ancestorTitles":["server utilities and routes","investigation mutation routes"],"fullName":"server utilities and routes investigation mutation routes exports investigation PDFs from active runners","status":"passed","title":"exports investigation PDFs from active runners","duration":10.968300000000454,"failureMessages":[],"meta":{}},{"ancestorTitles":["server utilities and routes","investigation mutation routes"],"fullName":"server utilities and routes investigation mutation routes returns 500 when PDF rendering fails","status":"passed","title":"returns 500 when PDF rendering fails","duration":9.930000000000291,"failureMessages":[],"meta":{}},{"ancestorTitles":["server utilities and routes","investigation mutation routes"],"fullName":"server utilities and routes investigation mutation routes runs active retrospective, proposal, and compact actions","status":"passed","title":"runs active retrospective, proposal, and compact actions","duration":50.972499999999854,"failureMessages":[],"meta":{}},{"ancestorTitles":["server utilities and routes","investigation mutation routes"],"fullName":"server utilities and routes investigation mutation routes returns retrospective route errors for invalid proposal status, abort failure, and apply failure","status":"passed","title":"returns retrospective route errors for invalid proposal status, abort failure, and apply failure","duration":24.710700000001452,"failureMessages":[],"meta":{}},{"ancestorTitles":["server utilities and routes","investigation mutation routes"],"fullName":"server utilities and routes investigation mutation routes covers inactive retrospective proposal, complete, and compact failure cleanup branches","status":"passed","title":"covers inactive retrospective proposal, complete, and compact failure cleanup branches","duration":30.878500000000713,"failureMessages":[],"meta":{}},{"ancestorTitles":["server utilities and routes","investigation mutation routes"],"fullName":"server utilities and routes investigation mutation routes rehydrates inactive investigations for retrospective operations and cleans up temporary runners","status":"passed","title":"rehydrates inactive investigations for retrospective operations and cleans up temporary runners","duration":50.87950000000092,"failureMessages":[],"meta":{}},{"ancestorTitles":["server utilities and routes","investigation mutation routes"],"fullName":"server utilities and routes investigation mutation routes covers retrospective race and missing-investigation guards","status":"passed","title":"covers retrospective race and missing-investigation guards","duration":29.21219999999994,"failureMessages":[],"meta":{}},{"ancestorTitles":["server utilities and routes","investigation mutation routes"],"fullName":"server utilities and routes investigation mutation routes covers retrospective error cleanup and missing-operation guards","status":"passed","title":"covers retrospective error cleanup and missing-operation guards","duration":65.71620000000075,"failureMessages":[],"meta":{}},{"ancestorTitles":["server utilities and routes","investigation mutation routes"],"fullName":"server utilities and routes investigation mutation routes covers investigation pdf guards for missing state and missing report","status":"passed","title":"covers investigation pdf guards for missing state and missing report","duration":13.646099999999933,"failureMessages":[],"meta":{}},{"ancestorTitles":["server utilities and routes","investigation mutation routes"],"fullName":"server utilities and routes investigation mutation routes reports and restarts active MCP connections","status":"passed","title":"reports and restarts active MCP connections","duration":26.971799999999348,"failureMessages":[],"meta":{}},{"ancestorTitles":["server utilities and routes","investigation mutation routes"],"fullName":"server utilities and routes investigation mutation routes returns 500 when MCP restart fails","status":"passed","title":"returns 500 when MCP restart fails","duration":9.705200000000332,"failureMessages":[],"meta":{}},{"ancestorTitles":["server utilities and routes","investigation mutation routes"],"fullName":"server utilities and routes investigation mutation routes pauses runners during server restart without exiting the test process","status":"passed","title":"pauses runners during server restart without exiting the test process","duration":10.578400000000329,"failureMessages":[],"meta":{}},{"ancestorTitles":["server utilities and routes","investigation mutation routes"],"fullName":"server utilities and routes investigation mutation routes continues restart when a runner pause throws","status":"passed","title":"continues restart when a runner pause throws","duration":10.953700000000026,"failureMessages":[],"meta":{}},{"ancestorTitles":["server utilities and routes","incident, schedule, and query-bank routes"],"fullName":"server utilities and routes incident, schedule, and query-bank routes streams incident reads for available providers and handles provider errors","status":"passed","title":"streams incident reads for available providers and handles provider errors","duration":20.348300000001473,"failureMessages":[],"meta":{}},{"ancestorTitles":["server utilities and routes","incident, schedule, and query-bank routes"],"fullName":"server utilities and routes incident, schedule, and query-bank routes maps omitted incident fields to defaults in the streamed output","status":"passed","title":"maps omitted incident fields to defaults in the streamed output","duration":8.29529999999977,"failureMessages":[],"meta":{}},{"ancestorTitles":["server utilities and routes","incident, schedule, and query-bank routes"],"fullName":"server utilities and routes incident, schedule, and query-bank routes returns incident provider availability when an active provider exists","status":"passed","title":"returns incident provider availability when an active provider exists","duration":9.334499999999025,"failureMessages":[],"meta":{}},{"ancestorTitles":["server utilities and routes","incident, schedule, and query-bank routes"],"fullName":"server utilities and routes incident, schedule, and query-bank routes streams incident read fallback errors without an explicit message","status":"passed","title":"streams incident read fallback errors without an explicit message","duration":9.491600000001199,"failureMessages":[],"meta":{}},{"ancestorTitles":["server utilities and routes","incident, schedule, and query-bank routes"],"fullName":"server utilities and routes incident, schedule, and query-bank routes serves full schedule and query-bank CRUD endpoints","status":"passed","title":"serves full schedule and query-bank CRUD endpoints","duration":85.2437000000009,"failureMessages":[],"meta":{}},{"ancestorTitles":["server utilities and routes","incident, schedule, and query-bank routes"],"fullName":"server utilities and routes incident, schedule, and query-bank routes returns the inactive-runner MCP restart guidance and lazy-init schedule failure","status":"passed","title":"returns the inactive-runner MCP restart guidance and lazy-init schedule failure","duration":20.82839999999851,"failureMessages":[],"meta":{}},{"ancestorTitles":["server utilities and routes","incident, schedule, and query-bank routes"],"fullName":"server utilities and routes incident, schedule, and query-bank routes lazily initializes the scheduler and validates schedule and query-bank errors","status":"passed","title":"lazily initializes the scheduler and validates schedule and query-bank errors","duration":56.21110000000044,"failureMessages":[],"meta":{}},{"ancestorTitles":["server utilities and routes","incident, schedule, and query-bank routes"],"fullName":"server utilities and routes incident, schedule, and query-bank routes returns explicit initialization errors for scheduler and query-bank mutation endpoints","status":"passed","title":"returns explicit initialization errors for scheduler and query-bank mutation endpoints","duration":56.82020000000011,"failureMessages":[],"meta":{}},{"ancestorTitles":["server utilities and routes","incident, schedule, and query-bank routes"],"fullName":"server utilities and routes incident, schedule, and query-bank routes covers schedule update, enable-disable, history, status, and me fallbacks","status":"passed","title":"covers schedule update, enable-disable, history, status, and me fallbacks","duration":53.63619999999901,"failureMessages":[],"meta":{}},{"ancestorTitles":["server utilities and routes","incident, schedule, and query-bank routes"],"fullName":"server utilities and routes incident, schedule, and query-bank routes covers schedule settlement and deletion branches for product-specific investigations","status":"passed","title":"covers schedule settlement and deletion branches for product-specific investigations","duration":20.69629999999961,"failureMessages":[],"meta":{}},{"ancestorTitles":["server utilities and routes","incident, schedule, and query-bank routes"],"fullName":"server utilities and routes incident, schedule, and query-bank routes falls back to a paused verdict when settling legacy paused schedules without a verdict","status":"passed","title":"falls back to a paused verdict when settling legacy paused schedules without a verdict","duration":10.485999999998967,"failureMessages":[],"meta":{}},{"ancestorTitles":["server utilities and routes","incident, schedule, and query-bank routes"],"fullName":"server utilities and routes incident, schedule, and query-bank routes covers scheduler history initialization errors and global error string fallbacks","status":"passed","title":"covers scheduler history initialization errors and global error string fallbacks","duration":10.141900000000533,"failureMessages":[],"meta":{}},{"ancestorTitles":["server utilities and routes","incident, schedule, and query-bank routes"],"fullName":"server utilities and routes incident, schedule, and query-bank routes deletes schedules even when their tracked investigation state is missing entirely","status":"passed","title":"deletes schedules even when their tracked investigation state is missing entirely","duration":10.692199999999502,"failureMessages":[],"meta":{}},{"ancestorTitles":["server utilities and routes","incident, schedule, and query-bank routes"],"fullName":"server utilities and routes incident, schedule, and query-bank routes deletes schedules together with linked history and active investigations","status":"passed","title":"deletes schedules together with linked history and active investigations","duration":18.903999999998632,"failureMessages":[],"meta":{}},{"ancestorTitles":["server utilities and routes","incident, schedule, and query-bank routes"],"fullName":"server utilities and routes incident, schedule, and query-bank routes covers schedule deletion fallback branches and missing schedules","status":"passed","title":"covers schedule deletion fallback branches and missing schedules","duration":17.301899999998568,"failureMessages":[],"meta":{}},{"ancestorTitles":["server utilities and routes","incident, schedule, and query-bank routes"],"fullName":"server utilities and routes incident, schedule, and query-bank routes uses product-specific investigation paths and tolerates unlink failures during schedule deletion","status":"passed","title":"uses product-specific investigation paths and tolerates unlink failures during schedule deletion","duration":13.345200000001569,"failureMessages":[],"meta":{}},{"ancestorTitles":["server utilities and routes","incident, schedule, and query-bank routes"],"fullName":"server utilities and routes incident, schedule, and query-bank routes logs product-path directory deletion failures during schedule cleanup","status":"passed","title":"logs product-path directory deletion failures during schedule cleanup","duration":15.347100000000864,"failureMessages":[],"meta":{}},{"ancestorTitles":["server utilities and routes","incident, schedule, and query-bank routes"],"fullName":"server utilities and routes incident, schedule, and query-bank routes deletes scheduled history from the global path when product ids no longer resolve","status":"passed","title":"deletes scheduled history from the global path when product ids no longer resolve","duration":12.017499999999927,"failureMessages":[],"meta":{}},{"ancestorTitles":["server utilities and routes","incident, schedule, and query-bank routes"],"fullName":"server utilities and routes incident, schedule, and query-bank routes deletes scheduled investigations by falling back to runner state and the global path when the product is missing","status":"passed","title":"deletes scheduled investigations by falling back to runner state and the global path when the product is missing","duration":10.766600000000835,"failureMessages":[],"meta":{}},{"ancestorTitles":["server utilities and routes","incident, schedule, and query-bank routes"],"fullName":"server utilities and routes incident, schedule, and query-bank routes auto-settles stale and terminal schedules when listing schedules","status":"passed","title":"auto-settles stale and terminal schedules when listing schedules","duration":9.272800000000643,"failureMessages":[],"meta":{}},{"ancestorTitles":["server utilities and routes","incident, schedule, and query-bank routes"],"fullName":"server utilities and routes incident, schedule, and query-bank routes settles paused schedules from active runners with a paused verdict","status":"passed","title":"settles paused schedules from active runners with a paused verdict","duration":11.851599999999962,"failureMessages":[],"meta":{}},{"ancestorTitles":["server utilities and routes","incident, schedule, and query-bank routes"],"fullName":"server utilities and routes incident, schedule, and query-bank routes uses the real scheduler settlement callback and broadcasts schedule updates","status":"passed","title":"uses the real scheduler settlement callback and broadcasts schedule updates","duration":14.808800000000701,"failureMessages":[],"meta":{}},{"ancestorTitles":["server utilities and routes","incident, schedule, and query-bank routes"],"fullName":"server utilities and routes incident, schedule, and query-bank routes leaves scheduled investigations active when the scheduler callback cannot find their state","status":"passed","title":"leaves scheduled investigations active when the scheduler callback cannot find their state","duration":7.561999999999898,"failureMessages":[],"meta":{}},{"ancestorTitles":["server utilities and routes","incident, schedule, and query-bank routes"],"fullName":"server utilities and routes incident, schedule, and query-bank routes covers real scheduler execution adapters and auto-starts when enabled schedules exist on disk","status":"passed","title":"covers real scheduler execution adapters and auto-starts when enabled schedules exist on disk","duration":22.668499999999767,"failureMessages":[],"meta":{}},{"ancestorTitles":["server utilities and routes","incident, schedule, and query-bank routes"],"fullName":"server utilities and routes incident, schedule, and query-bank routes settles a scheduled investigation found in the runners map","status":"passed","title":"settles a scheduled investigation found in the runners map","duration":16.34770000000026,"failureMessages":[],"meta":{}},{"ancestorTitles":["server utilities and routes","GET /api/investigations/:id/recommendations"],"fullName":"server utilities and routes GET /api/investigations/:id/recommendations returns 404 when investigation not found","status":"passed","title":"returns 404 when investigation not found","duration":12.299699999999575,"failureMessages":[],"meta":{}},{"ancestorTitles":["server utilities and routes","GET /api/investigations/:id/recommendations"],"fullName":"server utilities and routes GET /api/investigations/:id/recommendations returns empty array when no final report","status":"passed","title":"returns empty array when no final report","duration":10.142400000000634,"failureMessages":[],"meta":{}},{"ancestorTitles":["server utilities and routes","GET /api/investigations/:id/recommendations"],"fullName":"server utilities and routes GET /api/investigations/:id/recommendations returns cached recommendations when available","status":"passed","title":"returns cached recommendations when available","duration":8.328800000001138,"failureMessages":[],"meta":{}},{"ancestorTitles":["server utilities and routes","GET /api/investigations/:id/recommendations"],"fullName":"server utilities and routes GET /api/investigations/:id/recommendations lazy classifies when no cached recommendations","status":"passed","title":"lazy classifies when no cached recommendations","duration":11.511000000000422,"failureMessages":[],"meta":{}},{"ancestorTitles":["server utilities and routes","GET /api/investigations/:id/recommendations"],"fullName":"server utilities and routes GET /api/investigations/:id/recommendations returns empty array when report has no recommendations","status":"passed","title":"returns empty array when report has no recommendations","duration":8.596000000001368,"failureMessages":[],"meta":{}},{"ancestorTitles":["server utilities and routes","GET /api/investigations/:id/recommendations"],"fullName":"server utilities and routes GET /api/investigations/:id/recommendations returns recommendations from active runner state","status":"passed","title":"returns recommendations from active runner state","duration":9.25959999999941,"failureMessages":[],"meta":{}},{"ancestorTitles":["server utilities and routes","POST /api/investigations/:id/recommendations/reclassify"],"fullName":"server utilities and routes POST /api/investigations/:id/recommendations/reclassify returns 404 when investigation not found","status":"passed","title":"returns 404 when investigation not found","duration":8.090500000000247,"failureMessages":[],"meta":{}},{"ancestorTitles":["server utilities and routes","POST /api/investigations/:id/recommendations/reclassify"],"fullName":"server utilities and routes POST /api/investigations/:id/recommendations/reclassify returns empty array when no final report","status":"passed","title":"returns empty array when no final report","duration":11.149100000000544,"failureMessages":[],"meta":{}},{"ancestorTitles":["server utilities and routes","POST /api/investigations/:id/recommendations/reclassify"],"fullName":"server utilities and routes POST /api/investigations/:id/recommendations/reclassify reclassifies recommendations from final report","status":"passed","title":"reclassifies recommendations from final report","duration":10.303799999999683,"failureMessages":[],"meta":{}},{"ancestorTitles":["server utilities and routes","POST /api/investigations/:id/recommendations/reclassify"],"fullName":"server utilities and routes POST /api/investigations/:id/recommendations/reclassify reclassifies using active runner state","status":"passed","title":"reclassifies using active runner state","duration":8.577300000000832,"failureMessages":[],"meta":{}},{"ancestorTitles":["server utilities and routes","POST /api/investigations/:id/implement"],"fullName":"server utilities and routes POST /api/investigations/:id/implement returns 400 when no recommendations provided","status":"passed","title":"returns 400 when no recommendations provided","duration":9.31210000000101,"failureMessages":[],"meta":{}},{"ancestorTitles":["server utilities and routes","POST /api/investigations/:id/implement"],"fullName":"server utilities and routes POST /api/investigations/:id/implement returns 400 when recommendations is empty array","status":"passed","title":"returns 400 when recommendations is empty array","duration":9.942800000000716,"failureMessages":[],"meta":{}},{"ancestorTitles":["server utilities and routes","POST /api/investigations/:id/implement"],"fullName":"server utilities and routes POST /api/investigations/:id/implement returns 404 when investigation not found","status":"passed","title":"returns 404 when investigation not found","duration":10.91269999999895,"failureMessages":[],"meta":{}},{"ancestorTitles":["server utilities and routes","POST /api/investigations/:id/implement"],"fullName":"server utilities and routes POST /api/investigations/:id/implement returns 409 when concurrent operation in progress","status":"passed","title":"returns 409 when concurrent operation in progress","duration":9.584999999999127,"failureMessages":[],"meta":{}},{"ancestorTitles":["server utilities and routes","POST /api/investigations/:id/implement"],"fullName":"server utilities and routes POST /api/investigations/:id/implement starts implementation for active runner","status":"passed","title":"starts implementation for active runner","duration":10.635599999999613,"failureMessages":[],"meta":{}},{"ancestorTitles":["server utilities and routes","POST /api/investigations/:id/implement"],"fullName":"server utilities and routes POST /api/investigations/:id/implement creates temporary runner from history and cleans up","status":"passed","title":"creates temporary runner from history and cleans up","duration":14.017099999999118,"failureMessages":[],"meta":{}},{"ancestorTitles":["server utilities and routes","POST /api/investigations/:id/implement"],"fullName":"server utilities and routes POST /api/investigations/:id/implement handles error during implementation gracefully","status":"passed","title":"handles error during implementation gracefully","duration":14.50799999999981,"failureMessages":[],"meta":{}},{"ancestorTitles":["server utilities and routes","GET /api/version"],"fullName":"server utilities and routes GET /api/version returns version status","status":"passed","title":"returns version status","duration":11.722700000000259,"failureMessages":[],"meta":{}},{"ancestorTitles":["server utilities and routes","GET /api/version"],"fullName":"server utilities and routes GET /api/version accepts check=true query parameter","status":"passed","title":"accepts check=true query parameter","duration":10.053899999998976,"failureMessages":[],"meta":{}},{"ancestorTitles":["server utilities and routes","GET /api/onboarding/status"],"fullName":"server utilities and routes GET /api/onboarding/status returns onboarding status","status":"passed","title":"returns onboarding status","duration":9.805399999999281,"failureMessages":[],"meta":{}}],"startTime":1774353538743,"endTime":1774353545380.8054,"status":"passed","message":"","name":"C:/Repositories/AI-Investigator/backend/src/__tests__/server.test.ts"}]}
